
2023/01/17 (18:11:22) | ===> btop++ v.1.2.13
2023/01/17 (18:11:22) | INFO: Logger set to INFO
2023/01/17 (18:11:23) | INFO: Logger set to DEBUG

2023/04/07 (16:37:12) | ===> btop++ v.1.2.13
2023/04/07 (16:37:12) | INFO: Logger set to INFO
2023/04/07 (16:37:13) | INFO: Logger set to DEBUG

2023/04/13 (22:25:01) | ===> btop++ v.1.2.13
2023/04/13 (22:25:01) | ERROR: No UTF-8 locale detected!
Use --utf-force argument to force start if you're sure your terminal can handle it.

2023/04/13 (22:25:11) | ===> btop++ v.1.2.13
2023/04/13 (22:25:11) | WARNING: No UTF-8 locale detected! Forcing start with --utf-force argument.

2023/04/13 (22:29:57) | ===> btop++ v.1.2.13
2023/04/13 (22:29:57) | ERROR: No UTF-8 locale detected!
Use --utf-force argument to force start if you're sure your terminal can handle it.

2023/04/13 (22:30:02) | ===> btop++ v.1.2.13
2023/04/13 (22:30:02) | WARNING: No UTF-8 locale detected! Forcing start with --utf-force argument.

2023/07/31 (07:23:50) | ===> btop++ v.1.2.13
2023/07/31 (07:23:50) | INFO: Logger set to INFO
2023/07/31 (07:23:50) | INFO: Logger set to DEBUG
2023/07/31 (07:23:52) | INFO: Logger set to DEBUG

2023/10/19 (14:31:56) | ===> btop++ v.1.2.13
2023/10/19 (14:31:56) | ERROR: No UTF-8 locale detected!
Use --utf-force argument to force start if you're sure your terminal can handle it.

2023/10/19 (14:32:02) | ===> btop++ v.1.2.13
2023/10/19 (14:32:02) | WARNING: No UTF-8 locale detected! Forcing start with --utf-force argument.

2023/10/29 (13:03:57) | ===> btop++ v.1.2.13
2023/10/29 (13:03:57) | ERROR: Failed to get size of terminal!
